{"name": "User League Joined Status", "status": "failed", "statusDetails": {"message": "AssertionError: assert False", "trace": "self = <testCases.Web_Basic_Sanity_Pilot.Test_Websanity object at 0x00000222A11475B0>\n\n    @allure.title(\"User League Joined Status\")\n    @allure.testcase(testcasedocument, \"Test Case Document\")\n    @allure.tag(\"sanity\", \"user detail popup\", \"web\", \"user profile\")\n    @allure.link(testcasereport,\n                 link_type=\"hyperlink\", name=\"Test Case Report\")\n    @allure.severity(allure.severity_level.MINOR)\n    @allure.step(\"1. Get the current user league joined status. \"\n                 \"2. Compare the current user league joined status with the saved one in the script. \")\n    def test_042(self):\n        \"\"\" To verify the user joined league status, in user profile page. \"\"\"\n        # tp verify the user joined league status\n        try:\n            joined_league = self.driver.find_element(By.XPATH, fe_Sections.no_of_joined_league).text\n        except NoSuchElementException:\n            allure.attach(self.driver.get_screenshot_as_png(), name=\"SSTC_042NoSchElement\",\n                          attachment_type=AttachmentType.PNG)\n            assert False\n        else:\n            if joined_league == \"1\":\n                assert True\n            else:\n                allure.attach(self.driver.get_screenshot_as_png(), name=\"SSTC_042not1status\",\n                              attachment_type=AttachmentType.PNG)\n>               assert False\nE               assert False\n\ntestCases\\Web_Basic_Sanity_Pilot.py:1081: AssertionError"}, "description": " To verify the user joined league status, in user profile page. ", "steps": [{"name": "1. Get the current user league joined status. 2. Compare the current user league joined status with the saved one in the script. ", "status": "failed", "statusDetails": {"message": "AssertionError: assert False\n", "trace": "  File \"c:\\users\\aniket.gupta\\pycharmprojects\\fantasyautomation\\venv\\lib\\site-packages\\allure_commons\\_allure.py\", line 172, in impl\n    return func(*a, **kw)\n  File \"C:\\Users\\aniket.gupta\\PycharmProjects\\FantasyAutomation\\testCases\\Web_Basic_Sanity_Pilot.py\", line 1081, in test_042\n    assert False\n"}, "attachments": [{"name": "SSTC_042not1status", "source": "93efb615-c5b1-480a-b077-fd9fe0ea9b23-attachment.png", "type": "image/png"}], "start": 1672227634395, "stop": 1672227634777}], "start": 1672227634395, "stop": 1672227634778, "uuid": "c1dc39d7-d01b-4cef-a8fe-44824f59677c", "historyId": "51f1e3e4ba6e98b86df04ceac22afd13", "testCaseId": "ca5ae06ff377e6e6c6f7fd2dac832fb8", "fullName": "testCases.Web_Basic_Sanity_Pilot.Test_Websanity#test_042", "labels": [{"name": "tag", "value": "user detail popup"}, {"name": "severity", "value": "minor"}, {"name": "tag", "value": "web"}, {"name": "tag", "value": "sanity"}, {"name": "tag", "value": "user profile"}, {"name": "parentSuite", "value": "testCases"}, {"name": "suite", "value": "Web_Basic_Sanity_Pilot"}, {"name": "subSuite", "value": "Test_Websanity"}, {"name": "host", "value": "Aniket-Gupta"}, {"name": "thread", "value": "25572-MainThread"}, {"name": "framework", "value": "pytest"}, {"name": "language", "value": "cpython3"}, {"name": "package", "value": "testCases.Web_Basic_Sanity_Pilot"}], "links": [{"type": "hyperlink", "url": "https://moraviait-my.sharepoint.com/:x:/g/personal/anigupta_moravia_com/EfP285he4TZMkmbtv7qCVIUBlZ32Jf-tfggx7CD1JJMKUg?e=S9BFmB", "name": "Test Case Report"}, {"type": "test_case", "url": "https://moraviait-my.sharepoint.com/:w:/g/personal/anigupta_moravia_com/ETq9D_2FRG9At5IHN1JY9FwBCK3YKC5vry8hhhKEVtJAjA?e=iYk53U", "name": "Test Case Document"}]}